2023-09-26 02:07:43.345  INFO 4532 --- [main] com.example.demo.SareetaApplication      : Starting SareetaApplication on DESKTOP-FSU62F5 with PID 4532 (F:\Udacity\nd035-c4-Security-and-DevOps\starter_code\target\classes started by Tuan in F:\Udacity\nd035-c4-Security-and-DevOps\starter_code)
2023-09-26 02:07:43.349  INFO 4532 --- [main] com.example.demo.SareetaApplication      : No active profile set, falling back to default profiles: default
2023-09-26 02:07:44.057  INFO 4532 --- [main] .s.d.r.c.RepositoryConfigurationDelegate : Bootstrapping Spring Data repositories in DEFAULT mode.
2023-09-26 02:07:44.115  INFO 4532 --- [main] .s.d.r.c.RepositoryConfigurationDelegate : Finished Spring Data repository scanning in 51ms. Found 4 repository interfaces.
2023-09-26 02:07:44.642  INFO 4532 --- [main] trationDelegate$BeanPostProcessorChecker : Bean 'org.springframework.transaction.annotation.ProxyTransactionManagementConfiguration' of type [org.springframework.transaction.annotation.ProxyTransactionManagementConfiguration$$EnhancerBySpringCGLIB$$99fa0d82] is not eligible for getting processed by all BeanPostProcessors (for example: not eligible for auto-proxying)
2023-09-26 02:07:44.971  INFO 4532 --- [main] o.s.b.w.embedded.tomcat.TomcatWebServer  : Tomcat initialized with port(s): 8080 (http)
2023-09-26 02:07:45.001  INFO 4532 --- [main] o.apache.catalina.core.StandardService   : Starting service [Tomcat]
2023-09-26 02:07:45.002  INFO 4532 --- [main] org.apache.catalina.core.StandardEngine  : Starting Servlet engine: [Apache Tomcat/9.0.19]
2023-09-26 02:07:45.129  INFO 4532 --- [main] o.a.c.c.C.[Tomcat].[localhost].[/]       : Initializing Spring embedded WebApplicationContext
2023-09-26 02:07:45.130  INFO 4532 --- [main] o.s.web.context.ContextLoader            : Root WebApplicationContext: initialization completed in 1714 ms
2023-09-26 02:07:45.306  INFO 4532 --- [main] com.zaxxer.hikari.HikariDataSource       : HikariPool-1 - Starting...
2023-09-26 02:07:45.438  INFO 4532 --- [main] com.zaxxer.hikari.HikariDataSource       : HikariPool-1 - Start completed.
2023-09-26 02:07:45.486  INFO 4532 --- [main] o.hibernate.jpa.internal.util.LogHelper  : HHH000204: Processing PersistenceUnitInfo [
	name: default
	...]
2023-09-26 02:07:45.569  INFO 4532 --- [main] org.hibernate.Version                    : HHH000412: Hibernate Core {5.3.10.Final}
2023-09-26 02:07:45.577  INFO 4532 --- [main] org.hibernate.cfg.Environment            : HHH000206: hibernate.properties not found
2023-09-26 02:07:45.706  INFO 4532 --- [main] o.hibernate.annotations.common.Version   : HCANN000001: Hibernate Commons Annotations {5.0.4.Final}
2023-09-26 02:07:45.827  INFO 4532 --- [main] org.hibernate.dialect.Dialect            : HHH000400: Using dialect: org.hibernate.dialect.H2Dialect
2023-09-26 02:07:46.488  INFO 4532 --- [main] j.LocalContainerEntityManagerFactoryBean : Initialized JPA EntityManagerFactory for persistence unit 'default'
2023-09-26 02:07:47.352  WARN 4532 --- [main] aWebConfiguration$JpaWebMvcConfiguration : spring.jpa.open-in-view is enabled by default. Therefore, database queries may be performed during view rendering. Explicitly configure spring.jpa.open-in-view to disable this warning
2023-09-26 02:07:47.487  INFO 4532 --- [main] o.s.s.web.DefaultSecurityFilterChain     : Creating filter chain: any request, [org.springframework.security.web.context.request.async.WebAsyncManagerIntegrationFilter@3966c679, org.springframework.security.web.context.SecurityContextPersistenceFilter@8e8ceb3, org.springframework.security.web.header.HeaderWriterFilter@301770d9, org.springframework.web.filter.CorsFilter@66a99584, org.springframework.security.web.authentication.logout.LogoutFilter@20d65767, com.example.demo.security.JWTAuthenticationFilter@3945886e, com.example.demo.security.JWTAuthenticationVerficationFilter@12765ebd, org.springframework.security.web.savedrequest.RequestCacheAwareFilter@5d67b2b3, org.springframework.security.web.servletapi.SecurityContextHolderAwareRequestFilter@2ae4c424, org.springframework.security.web.authentication.AnonymousAuthenticationFilter@1dac0784, org.springframework.security.web.session.SessionManagementFilter@1fec9d33, org.springframework.security.web.access.ExceptionTranslationFilter@70f5f57d, org.springframework.security.web.access.intercept.FilterSecurityInterceptor@7e514482]
2023-09-26 02:07:47.700  INFO 4532 --- [main] o.s.s.concurrent.ThreadPoolTaskExecutor  : Initializing ExecutorService 'applicationTaskExecutor'
2023-09-26 02:07:48.075  INFO 4532 --- [main] o.s.b.w.embedded.tomcat.TomcatWebServer  : Tomcat started on port(s): 8080 (http) with context path ''
2023-09-26 02:07:48.079  INFO 4532 --- [main] com.example.demo.SareetaApplication      : Started SareetaApplication in 5.18 seconds (JVM running for 5.68)
2023-09-26 02:07:52.615  INFO 4532 --- [http-nio-8080-exec-1] o.a.c.c.C.[Tomcat].[localhost].[/]       : Initializing Spring DispatcherServlet 'dispatcherServlet'
2023-09-26 02:07:52.615  INFO 4532 --- [http-nio-8080-exec-1] o.s.web.servlet.DispatcherServlet        : Initializing Servlet 'dispatcherServlet'
2023-09-26 02:07:52.625  INFO 4532 --- [http-nio-8080-exec-1] o.s.web.servlet.DispatcherServlet        : Completed initialization in 10 ms
2023-09-26 02:07:52.640  WARN 4532 --- [http-nio-8080-exec-1] e.d.s.JWTAuthenticationVerficationFilter : Warning Authentication Verification. Wrong header in doFilterInternal.
2023-09-26 02:07:52.645  WARN 4532 --- [http-nio-8080-exec-1] e.d.s.JWTAuthenticationVerficationFilter : Warning Authentication Verification. Wrong header in doFilterInternal.
2023-09-26 02:07:52.852 ERROR 4532 --- [http-nio-8080-exec-1] c.e.demo.controllers.UserController      : Create user error. Password is not correct
2023-09-26 02:07:56.851  WARN 4532 --- [http-nio-8080-exec-6] e.d.s.JWTAuthenticationVerficationFilter : Warning Authentication Verification. Wrong header in doFilterInternal.
2023-09-26 02:07:56.852  WARN 4532 --- [http-nio-8080-exec-6] e.d.s.JWTAuthenticationVerficationFilter : Warning Authentication Verification. Wrong header in doFilterInternal.
2023-09-26 02:07:56.930  INFO 4532 --- [http-nio-8080-exec-6] c.e.demo.controllers.UserController      : User created. Username: test
2023-09-26 02:08:03.466  INFO 4532 --- [http-nio-8080-exec-9] o.h.h.i.QueryTranslatorFactoryInitiator  : HHH000397: Using ASTQueryTranslatorFactory
2023-09-26 02:08:11.196  INFO 4532 --- [http-nio-8080-exec-10] e.d.s.JWTAuthenticationVerficationFilter : Successful Authentication Verification.
2023-09-26 02:08:11.198  INFO 4532 --- [http-nio-8080-exec-10] e.d.s.JWTAuthenticationVerficationFilter : Successful Authentication Verification.
2023-09-26 02:08:11.231  INFO 4532 --- [http-nio-8080-exec-10] c.e.demo.controllers.CartController      : Cart was updated(added).
2023-09-26 02:08:29.621  INFO 4532 --- [http-nio-8080-exec-3] e.d.s.JWTAuthenticationVerficationFilter : Successful Authentication Verification.
2023-09-26 02:08:29.622  INFO 4532 --- [http-nio-8080-exec-3] e.d.s.JWTAuthenticationVerficationFilter : Successful Authentication Verification.
2023-09-26 02:08:29.627 ERROR 4532 --- [http-nio-8080-exec-3] c.e.demo.controllers.OrderController     : Create Order Error. User not found. Username: test2
2023-09-26 02:08:32.620  INFO 4532 --- [http-nio-8080-exec-4] e.d.s.JWTAuthenticationVerficationFilter : Successful Authentication Verification.
2023-09-26 02:08:32.621  INFO 4532 --- [http-nio-8080-exec-4] e.d.s.JWTAuthenticationVerficationFilter : Successful Authentication Verification.
2023-09-26 02:08:32.632  INFO 4532 --- [http-nio-8080-exec-4] c.e.demo.controllers.OrderController     : Order submitted.
2023-09-26 02:08:36.205  INFO 4532 --- [http-nio-8080-exec-7] e.d.s.JWTAuthenticationVerficationFilter : Successful Authentication Verification.
2023-09-26 02:08:36.206  INFO 4532 --- [http-nio-8080-exec-7] e.d.s.JWTAuthenticationVerficationFilter : Successful Authentication Verification.
2023-09-26 02:08:36.209 ERROR 4532 --- [http-nio-8080-exec-7] c.e.demo.controllers.OrderController     : Get Orders Error. User not found. Username: test2
2023-09-26 02:08:38.598  INFO 4532 --- [http-nio-8080-exec-8] e.d.s.JWTAuthenticationVerficationFilter : Successful Authentication Verification.
2023-09-26 02:08:38.599  INFO 4532 --- [http-nio-8080-exec-8] e.d.s.JWTAuthenticationVerficationFilter : Successful Authentication Verification.
2023-09-26 02:08:38.601  INFO 4532 --- [http-nio-8080-exec-8] c.e.demo.controllers.OrderController     : Get Order history successful.
2023-09-26 02:08:44.746  INFO 4532 --- [Thread-3] o.s.s.concurrent.ThreadPoolTaskExecutor  : Shutting down ExecutorService 'applicationTaskExecutor'
2023-09-26 02:08:44.747  INFO 4532 --- [Thread-3] j.LocalContainerEntityManagerFactoryBean : Closing JPA EntityManagerFactory for persistence unit 'default'
2023-09-26 02:08:44.749  INFO 4532 --- [Thread-3] com.zaxxer.hikari.HikariDataSource       : HikariPool-1 - Shutdown initiated...
2023-09-26 02:08:44.751  INFO 4532 --- [Thread-3] com.zaxxer.hikari.HikariDataSource       : HikariPool-1 - Shutdown completed.
